<?xml version="1.0" encoding="UTF-8"?>
<testng-results ignored="0" total="1" passed="1" failed="0" skipped="0">
  <reporter-output>
  </reporter-output>
  <suite started-at="2022-02-17T17:38:05 GMT" name="ebay" finished-at="2022-02-17T17:38:13 GMT" duration-ms="8176">
    <groups>
    </groups>
    <test started-at="2022-02-17T17:38:05 GMT" name="ebaytest" finished-at="2022-02-17T17:38:13 GMT" duration-ms="8176">
      <class name="Ebay_testing">
        <test-method signature="smokeTest()[pri:0, instance:Ebay_testing@39529185]" started-at="2022-02-17T17:38:05 GMT" name="smokeTest" finished-at="2022-02-17T17:38:13 GMT" duration-ms="8139" status="PASS">
          <reporter-output>
          </reporter-output>
        </test-method> <!-- smokeTest -->
      </class> <!-- Ebay_testing -->
    </test> <!-- ebaytest -->
  </suite> <!-- ebay -->
</testng-results>
